2023-06-26 13:37:59.593 INFO  [restartedMain] com.project.jose.JoseApplication - Starting JoseApplication using Java 17.0.7 with PID 9620 (C:\Users\AJ\Documents\Summer2023\jose\build\classes\java\main started by AJ in C:\Users\AJ\Documents\Summer2023\jose)
2023-06-26 13:37:59.595 INFO  [restartedMain] com.project.jose.JoseApplication - The following 3 profiles are active: "security-sql", "security-register", "dev"
2023-06-26 13:38:03.292 INFO  [restartedMain] o.a.catalina.core.StandardService - Starting service [Tomcat]
2023-06-26 13:38:03.292 INFO  [restartedMain] o.a.catalina.core.StandardEngine - Starting Servlet engine: [Apache Tomcat/10.1.10]
2023-06-26 13:38:03.370 INFO  [restartedMain] o.a.c.c.C.[Tomcat].[localhost].[/] - Initializing Spring embedded WebApplicationContext
2023-06-26 13:38:04.104 INFO  [restartedMain] o.h.jpa.internal.util.LogHelper - HHH000204: Processing PersistenceUnitInfo [name: default]
2023-06-26 13:38:04.184 INFO  [restartedMain] org.hibernate.Version - HHH000412: Hibernate ORM core version 6.2.5.Final
2023-06-26 13:38:04.188 INFO  [restartedMain] org.hibernate.cfg.Environment - HHH000406: Using bytecode reflection optimizer
2023-06-26 13:38:04.372 INFO  [restartedMain] o.h.b.i.BytecodeProviderInitiator - HHH000021: Bytecode provider name : bytebuddy
2023-06-26 13:38:04.619 INFO  [restartedMain] com.zaxxer.hikari.HikariDataSource - HikariPool-1 - Starting...
2023-06-26 13:38:04.852 INFO  [restartedMain] com.zaxxer.hikari.pool.HikariPool - HikariPool-1 - Added connection conn0: url=jdbc:h2:mem:devDB user=SA
2023-06-26 13:38:04.854 INFO  [restartedMain] com.zaxxer.hikari.HikariDataSource - HikariPool-1 - Start completed.
2023-06-26 13:38:05.238 INFO  [restartedMain] o.h.b.i.BytecodeProviderInitiator - HHH000021: Bytecode provider name : bytebuddy
2023-06-26 13:38:06.242 INFO  [restartedMain] o.h.e.t.j.p.i.JtaPlatformInitiator - HHH000490: Using JtaPlatform implementation: [org.hibernate.engine.transaction.jta.platform.internal.NoJtaPlatform]
2023-06-26 13:38:09.562 INFO  [restartedMain] org.mongodb.driver.client - MongoClient with metadata {"driver": {"name": "mongo-java-driver|reactive-streams|spring-boot", "version": "4.9.1"}, "os": {"type": "Windows", "name": "Windows 11", "architecture": "amd64", "version": "10.0"}, "platform": "Java/Amazon.com Inc./17.0.7+7-LTS"} created with settings MongoClientSettings{readPreference=primary, writeConcern=WriteConcern{w=null, wTimeout=null ms, journal=null}, retryWrites=true, retryReads=true, readConcern=ReadConcern{level=null}, credential=null, streamFactoryFactory=NettyStreamFactoryFactory{eventLoopGroup=io.netty.channel.nio.NioEventLoopGroup@7acaba1d, socketChannelClass=class io.netty.channel.socket.nio.NioSocketChannel, allocator=PooledByteBufAllocator(directByDefault: true), sslContext=null}, commandListeners=[io.micrometer.core.instrument.binder.mongodb.MongoMetricsCommandListener@71b560ae], codecRegistry=ProvidersCodecRegistry{codecProviders=[ValueCodecProvider{}, BsonValueCodecProvider{}, DBRefCodecProvider{}, DBObjectCodecProvider{}, DocumentCodecProvider{}, CollectionCodecProvider{}, IterableCodecProvider{}, MapCodecProvider{}, GeoJsonCodecProvider{}, GridFSFileCodecProvider{}, Jsr310CodecProvider{}, JsonObjectCodecProvider{}, BsonCodecProvider{}, EnumCodecProvider{}, com.mongodb.client.model.mql.ExpressionCodecProvider@439f6872, com.mongodb.Jep395RecordCodecProvider@15cb8a20]}, loggerSettings=LoggerSettings{maxDocumentLength=1000}, clusterSettings={hosts=[localhost:27017], srvServiceName=mongodb, mode=SINGLE, requiredClusterType=UNKNOWN, requiredReplicaSetName='null', serverSelector='null', clusterListeners='[]', serverSelectionTimeout='30000 ms', localThreshold='30000 ms'}, socketSettings=SocketSettings{connectTimeoutMS=10000, readTimeoutMS=0, receiveBufferSize=0, sendBufferSize=0}, heartbeatSocketSettings=SocketSettings{connectTimeoutMS=10000, readTimeoutMS=10000, receiveBufferSize=0, sendBufferSize=0}, connectionPoolSettings=ConnectionPoolSettings{maxSize=100, minSize=0, maxWaitTimeMS=120000, maxConnectionLifeTimeMS=0, maxConnectionIdleTimeMS=0, maintenanceInitialDelayMS=0, maintenanceFrequencyMS=60000, connectionPoolListeners=[io.micrometer.core.instrument.binder.mongodb.MongoMetricsConnectionPoolListener@782fcf7c], maxConnecting=2}, serverSettings=ServerSettings{heartbeatFrequencyMS=10000, minHeartbeatFrequencyMS=500, serverListeners='[]', serverMonitorListeners='[]'}, sslSettings=SslSettings{enabled=false, invalidHostNameAllowed=false, context=null}, applicationName='null', compressorList=[], uuidRepresentation=JAVA_LEGACY, serverApi=null, autoEncryptionSettings=null, contextProvider=null}
2023-06-26 13:38:09.730 INFO  [cluster-ClusterId{value='6499db111e846c4707aebb18', description='null'}-localhost:27017] org.mongodb.driver.cluster - Monitor thread successfully connected to server with description ServerDescription{address=localhost:27017, type=STANDALONE, state=CONNECTED, ok=true, minWireVersion=0, maxWireVersion=13, maxDocumentSize=16777216, logicalSessionTimeoutMinutes=30, roundTripTimeNanos=92299900}
2023-06-26 13:38:11.127 INFO  [restartedMain] com.project.jose.JoseApplication - Started JoseApplication in 12.144 seconds (process running for 13.252)
2023-06-26 13:38:11.139 INFO  [restartedMain] com.project.jose.JoseApplication - Info
2023-06-26 13:38:11.140 WARN  [restartedMain] com.project.jose.JoseApplication - Warning
2023-06-26 13:38:11.140 ERROR [restartedMain] com.project.jose.JoseApplication - Error
2023-06-26 13:38:11.955 INFO  [RMI TCP Connection(6)-192.168.0.184] o.a.c.c.C.[Tomcat].[localhost].[/] - Initializing Spring DispatcherServlet 'dispatcherServlet'
2023-06-26 13:40:43.234 INFO  [http-nio-8080-exec-8] c.p.j.webcontroller.LoginController - === authority?[ADMIN]
2023-06-26 13:40:49.633 INFO  [http-nio-8080-exec-2] c.p.j.webcontroller.LoginController - === authority?[ADMIN]
